2025-01-03 13:20:37,821 -  INFO - Reminder flag has been resetted to false for the following event: IS115 Algorithms & Programming
2025-01-05 09:51:19,027 -  INFO - Email reminder sent for the following event: COR3001 Big Questions
2025-01-06 09:48:47,593 -  INFO - Reminder flag has been resetted to false for the following event: COR3001 Big Questions
2025-01-07 09:45:35,841 -  INFO - Email reminder sent for the following event: Flight to Thailand
2025-01-07 16:27:50,057 -  INFO - Email reminder sent for the following event: IS113 Web Application Development I
2025-01-07 19:17:45,955 -  INFO - Email reminder sent for the following event: IS112 Data Management
2025-01-08 09:44:45,389 -  INFO - Deletion of the following event: Flight to Thailand
2025-01-08 16:28:15,403 -  INFO - Reminder flag has been resetted to false for the following event: IS113 Web Application Development I
2025-01-08 19:17:57,860 -  INFO - Reminder flag has been resetted to false for the following event: IS112 Data Management
2025-01-09 10:11:27,977 -  INFO - Email reminder sent for the following event: IS115 Algorithms & Programming
2025-01-10 09:46:58,759 -  INFO - Reminder flag has been resetted to false for the following event: IS115 Algorithms & Programming
2025-01-12 09:53:14,561 -  INFO - Email reminder sent for the following event: COR3001 Big Questions
2025-01-13 09:49:32,050 -  INFO - Reminder flag has been resetted to false for the following event: COR3001 Big Questions
2025-01-14 16:26:59,807 -  INFO - Email reminder sent for the following event: IS113 Web Application Development I
2025-01-14 17:22:10,620 -  INFO - Email reminder sent for the following event: COR-STAT1202 Introductory Statistics
2025-01-14 19:17:16,572 -  INFO - Email reminder sent for the following event: IS112 Data Management
2025-01-15 09:41:49,927 -  INFO - Reminder flag has been resetted to false for the following event: COR-STAT1202 Introductory Statistics
2025-01-15 16:27:18,196 -  INFO - Reminder flag has been resetted to false for the following event: IS113 Web Application Development I
2025-01-15 19:18:10,461 -  INFO - Reminder flag has been resetted to false for the following event: IS112 Data Management
2025-01-16 09:41:16,069 -  INFO - Email reminder sent for the following event: IS115 Algorithms & Programming
2025-01-17 09:40:34,880 -  INFO - Reminder flag has been resetted to false for the following event: IS115 Algorithms & Programming
2025-01-19 09:47:54,734 -  INFO - Email reminder sent for the following event: COR3001 Big Questions
2025-01-20 09:43:20,710 -  INFO - Reminder flag has been resetted to false for the following event: COR3001 Big Questions
2025-01-21 09:41:23,369 -  INFO - Email reminder sent for the following event: COR-STAT1202 Introductory Statistics
2025-01-21 16:26:57,645 -  INFO - Email reminder sent for the following event: IS113 Web Application Development I
2025-01-21 19:17:27,531 -  INFO - Email reminder sent for the following event: IS112 Data Management
2025-01-22 09:43:42,571 -  INFO - Reminder flag has been resetted to false for the following event: COR-STAT1202 Introductory Statistics
2025-01-22 16:28:07,945 -  INFO - Reminder flag has been resetted to false for the following event: IS113 Web Application Development I
2025-01-22 19:17:22,939 -  INFO - Reminder flag has been resetted to false for the following event: IS112 Data Management
